#
# A fatal error has been detected by the Java Runtime Environment:
#
#  EXCEPTION_ACCESS_VIOLATION (0xc0000005) at pc=0x00000067, pid=5952, tid=5444
#
# JRE version: 6.0_17-b04
# Java VM: Java HotSpot(TM) Client VM (14.3-b01 mixed mode windows-x86 )
# Problematic frame:
# C  0x00000067
#
# If you would like to submit a bug report, please visit:
#   http://java.sun.com/webapps/bugreport/crash.jsp
#

---------------  T H R E A D  ---------------

Current thread (0x025a8000):  ConcurrentGCThread [stack: 0x36830000,0x36930000] [id=5444]

siginfo: ExceptionCode=0xc0000005, reading address 0x00000067

Registers:
EAX=0x2924bad8, EBX=0x2924b550, ECX=0x2924b070, EDX=0x2924b3c0
ESP=0x3692f9fc, EBP=0x3692fa14, ESI=0x3692fb28, EDI=0x3692fb54
EIP=0x00000067, EFLAGS=0x00010212

Top of Stack: (sp=0x3692f9fc)
0x3692f9fc:   6d896719 2924bad8 3692fb54 2924b550
0x3692fa0c:   2924b510 2924b534 3692fa28 6d96a613
0x3692fa1c:   2924bad8 3692fb28 3692fba4 3692fa44
0x3692fa2c:   6d8922fa 00000010 3692fb28 29246a00
0x3692fa3c:   00001500 00441b6a 3692fa68 6d8968d2
0x3692fa4c:   3692fb28 29246a00 00001500 3692fba4
0x3692fa5c:   2924b510 29246a00 00000000 3692fa88
0x3692fa6c:   6d87dc3d 02567a1c 29246a00 00001500 

Instructions: (pc=0x00000067)
0x00000057:   
[error occurred during error reporting (printing registers, top of stack, instructions near pc), id 0xc0000005]

Stack: [0x36830000,0x36930000],  sp=0x3692f9fc,  free space=1022k
Native frames: (J=compiled Java code, j=interpreted, Vv=VM code, C=native code)
C  0x00000067
V  [jvm.dll+0x16a613]
V  [jvm.dll+0x922fa]
V  [jvm.dll+0x968d2]
V  [jvm.dll+0x7dc3d]
V  [jvm.dll+0x97fef]
V  [jvm.dll+0x992e4]
V  [jvm.dll+0x99b6d]
V  [jvm.dll+0x9a477]
V  [jvm.dll+0x9b72d]
C  [MSVCR71.dll+0x9565]
C  [kernel32.dll+0x1336a]
C  [ntdll.dll+0x39f72]
C  [ntdll.dll+0x39f45]


---------------  P R O C E S S  ---------------

Java Threads: ( => current thread )
  0x3b2b2c00 JavaThread "Keep-Alive-Timer" daemon [_thread_blocked, id=4652, stack(0x44090000,0x44190000)]
  0x3b2b2800 JavaThread "Worker-44" [_thread_blocked, id=7328, stack(0x43e90000,0x43f90000)]
  0x3aeaf400 JavaThread "Worker-43" [_thread_blocked, id=6604, stack(0x40b00000,0x40c00000)]
  0x3aeae800 JavaThread "org.eclipse.jface.text.reconciler.MonoReconciler" daemon [_thread_blocked, id=5500, stack(0x3fb40000,0x3fc40000)]
  0x3aeb3c00 JavaThread "Worker-42" [_thread_blocked, id=1968, stack(0x3fc40000,0x3fd40000)]
  0x3aeb2000 JavaThread "Worker-41" [_thread_blocked, id=7060, stack(0x3cde0000,0x3cee0000)]
  0x3b2da800 JavaThread "org.eclipse.cdt.internal.ui.text.CReconciler" daemon [_thread_blocked, id=7988, stack(0x43b30000,0x43c30000)]
  0x3b2d9000 JavaThread "Worker-39" [_thread_blocked, id=8020, stack(0x3fd40000,0x3fe40000)]
  0x3b2da000 JavaThread "Worker-38" [_thread_in_vm, id=6780, stack(0x43a30000,0x43b30000)]
  0x3b2d8800 JavaThread "Worker-37" [_thread_blocked, id=3736, stack(0x43690000,0x43790000)]
  0x3aeb3800 JavaThread "Worker-35" [_thread_blocked, id=7716, stack(0x40430000,0x40530000)]
  0x3aeb0c00 JavaThread "Worker-33" [_thread_blocked, id=7028, stack(0x39e90000,0x39f90000)]
  0x3b2d9400 JavaThread "Worker-29" [_thread_blocked, id=3840, stack(0x43c30000,0x43d30000)]
  0x3aeaf000 JavaThread "org.eclipse.cdt.internal.ui.text.CReconciler" daemon [_thread_blocked, id=3140, stack(0x3cee0000,0x3cfe0000)]
  0x3b2d7000 JavaThread "org.eclipse.cdt.internal.ui.text.CReconciler" daemon [_thread_blocked, id=7260, stack(0x43d30000,0x43e30000)]
  0x3aeb5000 JavaThread "org.eclipse.cdt.internal.ui.text.CReconciler" daemon [_thread_blocked, id=6172, stack(0x3d220000,0x3d320000)]
  0x3aeb5c00 JavaThread "org.eclipse.cdt.internal.ui.text.CReconciler" daemon [_thread_blocked, id=3208, stack(0x43930000,0x43a30000)]
  0x3aeb5400 JavaThread "org.eclipse.cdt.internal.ui.text.CReconciler" daemon [_thread_blocked, id=1204, stack(0x43830000,0x43930000)]
  0x3aeb4800 JavaThread "org.eclipse.cdt.internal.ui.text.CReconciler" daemon [_thread_blocked, id=6772, stack(0x40170000,0x40270000)]
  0x3aeb2c00 JavaThread "org.eclipse.cdt.internal.ui.text.CReconciler" daemon [_thread_blocked, id=6824, stack(0x44970000,0x44a70000)]
  0x3aeb1800 JavaThread "org.eclipse.cdt.internal.ui.text.CReconciler" daemon [_thread_blocked, id=6328, stack(0x44870000,0x44970000)]
  0x3aeb3000 JavaThread "org.eclipse.cdt.internal.ui.text.CReconciler" daemon [_thread_blocked, id=6580, stack(0x43590000,0x43690000)]
  0x3aeb1400 JavaThread "org.eclipse.cdt.internal.ui.text.CReconciler" daemon [_thread_blocked, id=2904, stack(0x40c40000,0x40d40000)]
  0x3aeb0000 JavaThread "pool-1-thread-2" [_thread_blocked, id=508, stack(0x3d890000,0x3d990000)]
  0x3aeafc00 JavaThread "pool-1-thread-1" [_thread_blocked, id=5400, stack(0x3d750000,0x3d850000)]
  0x3aeae400 JavaThread "Bundle File Closer" daemon [_thread_blocked, id=6368, stack(0x3bb70000,0x3bc70000)]
  0x380a5800 JavaThread "Worker-JM" [_thread_blocked, id=6652, stack(0x388d0000,0x389d0000)]
  0x36b0cc00 JavaThread "Framework Event Dispatcher" daemon [_thread_blocked, id=1280, stack(0x386b0000,0x387b0000)]
  0x36abe800 JavaThread "Start Level Event Dispatcher" daemon [_thread_blocked, id=5512, stack(0x38570000,0x38670000)]
  0x3803a400 JavaThread "State Data Manager" daemon [_thread_blocked, id=1788, stack(0x38430000,0x38530000)]
  0x36a85800 JavaThread "Framework Active Thread" [_thread_blocked, id=6168, stack(0x37b20000,0x37c20000)]
  0x369e6800 JavaThread "Low Memory Detector" daemon [_thread_blocked, id=6264, stack(0x37430000,0x37530000)]
  0x369e3000 JavaThread "CompilerThread0" daemon [_thread_blocked, id=1200, stack(0x372f0000,0x373f0000)]
  0x369e2800 JavaThread "Attach Listener" daemon [_thread_blocked, id=6500, stack(0x371b0000,0x372b0000)]
  0x369e2000 JavaThread "Signal Dispatcher" daemon [_thread_blocked, id=6156, stack(0x37070000,0x37170000)]
  0x369dfc00 JavaThread "Surrogate Locker Thread (CMS)" daemon [_thread_blocked, id=6332, stack(0x36f30000,0x37030000)]
  0x369af800 JavaThread "Finalizer" daemon [_thread_blocked, id=6768, stack(0x36df0000,0x36ef0000)]
  0x369af000 JavaThread "Reference Handler" daemon [_thread_blocked, id=6388, stack(0x36cb0000,0x36db0000)]
  0x0260a800 JavaThread "main" [_thread_in_native, id=4152, stack(0x00090000,0x00190000)]

Other Threads:
  0x369a9000 VMThread [stack: 0x36b70000,0x36c70000] [id=3052]
  0x369ef800 WatcherThread [stack: 0x37570000,0x37670000] [id=4044]

=>0x025a8000 (exited) ConcurrentGCThread [stack: 0x36830000,0x36930000] [id=5444]

VM state:not at safepoint (normal execution)

VM Mutex/Monitor currently owned by a thread:  ([mutex/lock_event])
[0x02608ae8] Heap_lock - owner thread: 0x3b2da000

Heap
 par new generation   total 14784K, used 6793K [0x04a10000, 0x05a10000, 0x07170000)
  eden space 13184K,  39% used [0x04a10000, 0x04f25200, 0x056f0000)
  from space 1600K,  99% used [0x056f0000, 0x0587d470, 0x05880000)
  to   space 1600K,   0% used [0x05880000, 0x05880000, 0x05a10000)
 concurrent mark-sweep generation total 95120K, used 92719K [0x07170000, 0x0ce54000, 0x24a10000)
 concurrent-mark-sweep perm gen total 106012K, used 68047K [0x24a10000, 0x2b197000, 0x34a10000)

Dynamic libraries:
0x00400000 - 0x0040d000 	C:\Dev\CooCox\CoIDE\CoIDE.exe
0x77130000 - 0x772b0000 	C:\Windows\SysWOW64\ntdll.dll
0x756b0000 - 0x757c0000 	C:\Windows\syswow64\kernel32.dll
0x74f30000 - 0x74f77000 	C:\Windows\syswow64\KERNELBASE.dll
0x75a50000 - 0x75b50000 	C:\Windows\syswow64\USER32.dll
0x76b70000 - 0x76c00000 	C:\Windows\syswow64\GDI32.dll
0x75150000 - 0x7515a000 	C:\Windows\syswow64\LPK.dll
0x76a20000 - 0x76abd000 	C:\Windows\syswow64\USP10.dll
0x76ac0000 - 0x76b6c000 	C:\Windows\syswow64\msvcrt.dll
0x75220000 - 0x752c0000 	C:\Windows\syswow64\ADVAPI32.dll
0x767a0000 - 0x767b9000 	C:\Windows\SysWOW64\sechost.dll
0x757c0000 - 0x758b0000 	C:\Windows\syswow64\RPCRT4.dll
0x74b50000 - 0x74bb0000 	C:\Windows\syswow64\SspiCli.dll
0x74b40000 - 0x74b4c000 	C:\Windows\syswow64\CRYPTBASE.dll
0x711a0000 - 0x71224000 	C:\Windows\WinSxS\x86_microsoft.windows.common-controls_6595b64144ccf1df_5.82.7601.18201_none_ec80f00e8593ece5\COMCTL32.dll
0x76c00000 - 0x76c60000 	C:\Windows\system32\IMM32.DLL
0x76c60000 - 0x76d2c000 	C:\Windows\syswow64\MSCTF.dll
0x72000000 - 0x7200d000 	C:\Dev\CooCox\CoIDE\plugins\org.eclipse.equinox.launcher.win32.win32.x86_1.1.100.v20110502\eclipse_1406.dll
0x74a70000 - 0x74a79000 	C:\Windows\system32\VERSION.dll
0x6d800000 - 0x6da8b000 	C:\Dev\CooCox\CoIDE\jre\bin\client\jvm.dll
0x71090000 - 0x710c2000 	C:\Windows\system32\WINMM.dll
0x7c340000 - 0x7c396000 	C:\Windows\system32\MSVCR71.dll
0x6f6b0000 - 0x6f6fc000 	C:\Windows\system32\apphelp.dll
0x6d7b0000 - 0x6d7bc000 	C:\Dev\CooCox\CoIDE\jre\bin\verify.dll
0x6d330000 - 0x6d34f000 	C:\Dev\CooCox\CoIDE\jre\bin\java.dll
0x6d290000 - 0x6d298000 	C:\Dev\CooCox\CoIDE\jre\bin\hpi.dll
0x74bc0000 - 0x74bc5000 	C:\Windows\syswow64\PSAPI.DLL
0x6d7f0000 - 0x6d7ff000 	C:\Dev\CooCox\CoIDE\jre\bin\zip.dll
0x71760000 - 0x71776000 	C:\Windows\system32\CRYPTSP.dll
0x71720000 - 0x7175b000 	C:\Windows\system32\rsaenh.dll
0x710d0000 - 0x710e7000 	C:\Windows\system32\USERENV.dll
0x74360000 - 0x7436b000 	C:\Windows\system32\profapi.dll
0x6d610000 - 0x6d623000 	C:\Dev\CooCox\CoIDE\jre\bin\net.dll
0x769e0000 - 0x76a15000 	C:\Windows\syswow64\WS2_32.dll
0x77100000 - 0x77106000 	C:\Windows\syswow64\NSI.dll
0x74370000 - 0x743ac000 	C:\Windows\system32\mswsock.dll
0x70ad0000 - 0x70ad6000 	C:\Windows\System32\wship6.dll
0x6f810000 - 0x6f820000 	C:\Windows\system32\NLAapi.dll
0x6f800000 - 0x6f810000 	C:\Windows\system32\napinsp.dll
0x6f7e0000 - 0x6f7f2000 	C:\Windows\system32\pnrpnsp.dll
0x70a80000 - 0x70ac4000 	C:\Windows\system32\DNSAPI.dll
0x6f7d0000 - 0x6f7d8000 	C:\Windows\System32\winrnr.dll
0x6d260000 - 0x6d26d000 	C:\Windows\system32\wshbth.dll
0x74350000 - 0x74355000 	C:\Windows\System32\wshtcpip.dll
0x70e40000 - 0x70e5c000 	C:\Windows\system32\IPHLPAPI.DLL
0x70e30000 - 0x70e37000 	C:\Windows\system32\WINNSI.DLL
0x704e0000 - 0x704e6000 	C:\Windows\system32\rasadhlp.dll
0x704f0000 - 0x70528000 	C:\Windows\System32\fwpuclnt.dll
0x71230000 - 0x712b0000 	C:\Windows\system32\uxtheme.dll
0x6d000000 - 0x6d058000 	C:\Program Files (x86)\Common Files\microsoft shared\ink\tiptsf.dll
0x74d10000 - 0x74e6c000 	C:\Windows\syswow64\ole32.dll
0x75190000 - 0x7521f000 	C:\Windows\syswow64\OLEAUT32.dll
0x768f0000 - 0x76973000 	C:\Windows\syswow64\CLBCatQ.DLL
0x6cc50000 - 0x6cc8c000 	C:\Windows\system32\oleacc.dll
0x6d630000 - 0x6d639000 	C:\Dev\CooCox\CoIDE\jre\bin\nio.dll
0x389d0000 - 0x38a3e000 	C:\Dev\CooCox\CoIDE\configuration\org.eclipse.osgi\bundles\131\1\.cp\swt-win32-3740.dll
0x75510000 - 0x7558b000 	C:\Windows\syswow64\comdlg32.dll
0x76980000 - 0x769d7000 	C:\Windows\syswow64\SHLWAPI.dll
0x745c0000 - 0x7475e000 	C:\Windows\WinSxS\x86_microsoft.windows.common-controls_6595b64144ccf1df_6.0.7601.17514_none_41e6975e2bd6f2b2\COMCTL32.dll
0x75b50000 - 0x7679a000 	C:\Windows\syswow64\SHELL32.dll
0x74a10000 - 0x74a61000 	C:\Windows\system32\WINSPOOL.DRV
0x74f80000 - 0x75144000 	C:\Windows\syswow64\WININET.dll
0x752c0000 - 0x752c4000 	C:\Windows\syswow64\api-ms-win-downlevel-user32-l1-1-0.dll
0x74bb0000 - 0x74bb4000 	C:\Windows\syswow64\api-ms-win-downlevel-shlwapi-l1-1-0.dll
0x74e70000 - 0x74e74000 	C:\Windows\syswow64\api-ms-win-downlevel-version-l1-1-0.dll
0x74f20000 - 0x74f23000 	C:\Windows\syswow64\api-ms-win-downlevel-normaliz-l1-1-0.dll
0x74e80000 - 0x74e83000 	C:\Windows\syswow64\normaliz.DLL
0x752f0000 - 0x75505000 	C:\Windows\syswow64\iertutil.dll
0x74ca0000 - 0x74ca5000 	C:\Windows\syswow64\api-ms-win-downlevel-advapi32-l1-1-0.dll
0x75590000 - 0x756b0000 	C:\Windows\syswow64\CRYPT32.dll
0x74bd0000 - 0x74bdc000 	C:\Windows\syswow64\MSASN1.dll
0x70200000 - 0x70213000 	C:\Windows\system32\dwmapi.dll
0x6f820000 - 0x6f915000 	C:\Windows\system32\propsys.dll
0x37900000 - 0x3791d000 	C:\Dev\CooCox\CoIDE\configuration\org.eclipse.osgi\bundles\131\1\.cp\swt-gdip-win32-3740.dll
0x6fbb0000 - 0x6fd40000 	C:\Windows\WinSxS\x86_microsoft.windows.gdiplus_6595b64144ccf1df_1.1.7601.18120_none_72d2e82386681b36\gdiplus.dll
0x6c490000 - 0x6c5c0000 	C:\Windows\system32\WindowsCodecs.dll
0x3aa00000 - 0x3ab6f000 	C:\Windows\system32\explorerframe.dll
0x6c830000 - 0x6c85f000 	C:\Windows\system32\DUser.dll
0x3ab70000 - 0x3ac22000 	C:\Windows\system32\DUI70.dll
0x71710000 - 0x7171e000 	C:\Windows\system32\RpcRtRemote.dll
0x6d2f0000 - 0x6d2f5000 	C:\Windows\system32\msimg32.dll
0x3bcb0000 - 0x3c76a000 	C:\Windows\SysWOW64\ieframe.dll
0x3c770000 - 0x3c774000 	C:\Windows\SysWOW64\api-ms-win-downlevel-shell32-l1-1-0.dll
0x615c0000 - 0x615c4000 	C:\Windows\system32\api-ms-win-downlevel-shlwapi-l2-1-0.dll
0x767c0000 - 0x768e5000 	C:\Windows\syswow64\urlmon.dll
0x74c90000 - 0x74c94000 	C:\Windows\syswow64\api-ms-win-downlevel-ole32-l1-1-0.dll
0x6f700000 - 0x6f75f000 	C:\Windows\system32\SXS.DLL
0x673c0000 - 0x673cc000 	C:\Dev\CooCox\CoIDE\bin\jRegistryKey.dll
0x6c2c0000 - 0x6c322000 	C:\Users\Cadiot\AppData\Local\Temp\libsqlitejdbc-8772661631728049168.lib
0x3d990000 - 0x3e9eb000 	C:\Windows\SysWOW64\mshtml.dll
0x70ae0000 - 0x70ae4000 	C:\Windows\system32\api-ms-win-downlevel-advapi32-l2-1-0.dll
0x710f0000 - 0x710f8000 	C:\Windows\system32\Secur32.dll
0x397a0000 - 0x39bb3000 	C:\Windows\SysWOW64\jscript9.dll
0x609c0000 - 0x609cb000 	C:\Windows\system32\msimtf.dll
0x71650000 - 0x7167e000 	C:\Windows\system32\MLANG.dll
0x630e0000 - 0x63119000 	C:\Windows\system32\MMDevAPI.DLL
0x63090000 - 0x630c0000 	C:\Windows\system32\wdmaud.drv
0x630d0000 - 0x630d4000 	C:\Windows\system32\ksuser.dll
0x630c0000 - 0x630c7000 	C:\Windows\system32\AVRT.dll
0x758b0000 - 0x75a4d000 	C:\Windows\syswow64\SETUPAPI.dll
0x75160000 - 0x75187000 	C:\Windows\syswow64\CFGMGR32.dll
0x752d0000 - 0x752e2000 	C:\Windows\syswow64\DEVOBJ.dll
0x63050000 - 0x63086000 	C:\Windows\system32\AUDIOSES.DLL
0x63020000 - 0x63028000 	C:\Windows\system32\msacm32.drv
0x63030000 - 0x63044000 	C:\Windows\system32\MSACM32.dll
0x63010000 - 0x63017000 	C:\Windows\system32\midimap.dll
0x6d060000 - 0x6d06d000 	C:\Windows\system32\dhcpcsvc6.DLL
0x6f770000 - 0x6f7ca000 	C:\Windows\System32\netprofm.dll
0x6fb10000 - 0x6fb22000 	C:\Windows\system32\dhcpcsvc.DLL
0x6f760000 - 0x6f768000 	C:\Windows\System32\npmproxy.dll
0x619f0000 - 0x61d37000 	C:\Windows\system32\d2d1.dll
0x62e70000 - 0x62fa5000 	C:\Windows\system32\DWrite.dll
0x701b0000 - 0x701fc000 	C:\Windows\system32\dxgi.dll
0x619d0000 - 0x619ec000 	C:\Windows\system32\DXGIDebug.dll
0x74be0000 - 0x74c0e000 	C:\Windows\syswow64\WINTRUST.dll
0x70030000 - 0x701a5000 	C:\Windows\system32\d3d11.dll
0x60730000 - 0x60919000 	C:\Windows\system32\D3D10Warp.dll
0x3d700000 - 0x3d70e000 	C:\Dev\CooCox\CoIDE\configuration\org.eclipse.osgi\bundles\87\1\.cp\os\win32\x86\localfile_1_0_0.dll
0x552b0000 - 0x5533c000 	C:\Windows\SysWOW64\uiautomationcore.dll
0x70730000 - 0x70747000 	C:\Windows\system32\bcrypt.dll
0x6fb50000 - 0x6fb8d000 	C:\Windows\SysWOW64\bcryptprimitives.dll
0x60690000 - 0x606c1000 	C:\Windows\system32\msls31.dll
0x41af0000 - 0x42b78000 	C:\Windows\SysWOW64\Macromed\Flash\Flash32_11_9_900_170.ocx
0x6bf80000 - 0x6bff2000 	C:\Windows\system32\DSOUND.dll
0x6c7a0000 - 0x6c7c5000 	C:\Windows\system32\POWRPROF.dll
0x42b80000 - 0x42bb0000 	C:\Windows\system32\DINPUT8.dll
0x6e270000 - 0x6e2e9000 	C:\Windows\system32\mscms.dll
0x50c50000 - 0x50c86000 	C:\Users\Cadiot\AppData\Local\Microsoft\SkyDrive\17.0.2015.0811\SkyDriveShell.dll

VM Arguments:
jvm_args: -Xms60m -Xmx512m -XX:+UseConcMarkSweepGC -XX:+CMSClassUnloadingEnabled -XX:MaxPermSize=256M 
java_command: <unknown>
Launcher Type: generic

Environment Variables:
PATH=C:/Dev/CooCox/CoIDE/jre/bin/client;C:/Dev/CooCox/CoIDE/jre/bin;C:/Dev/CooCox/CoIDE/jre/lib/i386;C:\Program Files\VSG\MCADReaders\ACIS\lib3dx\win_b64\code\bin;C:\Program Files\VSG\MCADReaders\ACIS\bin\NT_VC10_64_DLL;C:\Program Files\VSG\MCADReaders\ACIS\bin\NT_VC10_64_DLLD;C:\Program Files (x86)\Common Files\Intel\Shared Libraries\redist\ia32\compiler;C:\Program Files\Intel\Media SDK 2013\bin\x64;C:\Program Files\Intel\Media SDK 2013\bin\win32;C:\Program Files (x86)\OSSBuild\GStreamer\v0.10.7\sdk\bin;C:\Program Files (x86)\OSSBuild\GStreamer\v0.10.7\bin;C:\Windows\system32;C:\Windows;C:\Windows\System32\Wbem;C:\Windows\System32\WindowsPowerShell\v1.0\;c:\Program Files (x86)\Microsoft SQL Server\90\Tools\binn\;C:\Program Files\TortoiseSVN\bin;C:\Program Files (x86)\GtkSharp\2.12\bin;C:\Program Files (x86)\CMake 2.8\bin;C:\Program Files (x86)\Common Files\Adobe\AGL;C:\Program Files (x86)\Rational\common;C:\Program Files\doxygen\bin;C:\Program Files (x86)\Windows Kits\8.1\Windows Performance Toolkit\;C:\Program Files\Microsoft SQL Server\110\Tools\Binn\;C:\Dev\shariiing\VSG\bin-x64;C:\Dev\shariiing\VSG\bin;C:\Dev\CooCox\CoIDE\gcc\bin;;C:\Temps\Dev\STM32\STM32Mario\Mario\STM32F429I-Mario;
USERNAME=cadiot
OS=Windows_NT
PROCESSOR_IDENTIFIER=Intel64 Family 6 Model 23 Stepping 7, GenuineIntel



---------------  S Y S T E M  ---------------

OS: Windows 7 Build 7601 Service Pack 1

CPU:total 4 (4 cores per cpu, 1 threads per core) family 6 model 23 stepping 7, cmov, cx8, fxsr, mmx, sse, sse2, sse3, ssse3, sse4.1

Memory: 4k page, physical 4193368k(900812k free), swap 4194303k(3875472k free)

vm_info: Java HotSpot(TM) Client VM (14.3-b01) for windows-x86 JRE (1.6.0_17-b04), built on Oct 11 2009 00:52:06 by "java_re" with MS VC++ 7.1

time: Mon Jan 20 19:03:49 2014
elapsed time: 3539 seconds

